#
# A fatal error has been detected by the Java Runtime Environment:
#
#  EXCEPTION_ACCESS_VIOLATION (0xc0000005) at pc=0x6d0b68b0, pid=1116, tid=3836
#
# JRE version: 6.0_18-b05
# Java VM: Java HotSpot(TM) Client VM (16.0-b12 mixed mode, sharing windows-x86 )
# Problematic frame:
# C  [awt.dll+0xb68b0]
#
# If you would like to submit a bug report, please visit:
#   http://java.sun.com/webapps/bugreport/crash.jsp
# The crash happened outside the Java Virtual Machine in native code.
# See problematic frame for where to report the bug.
#

---------------  T H R E A D  ---------------

Current thread (0x04045c00):  JavaThread "AWT-Windows" daemon [_thread_in_native, id=3836, stack(0x04450000,0x044a0000)]

siginfo: ExceptionCode=0xc0000005, reading address 0x00000000

Registers:
EAX=0x0449f488, EBX=0x04049ca0, ECX=0x0000009c, EDX=0x000000c0
ESP=0x0449f470, EBP=0x0449f5e4, ESI=0x00000000, EDI=0x000000c0
EIP=0x6d0b68b0, EFLAGS=0x00010206

Top of Stack: (sp=0x0449f470)
0x0449f470:   0449f488 00001000 00000000 01d9ea10
0x0449f480:   01d9ea00 00000310 00000232 6d0aed8c
0x0449f490:   00000000 01d96590 01d96d68 01d9ea10
0x0449f4a0:   6d0b3513 00000000 00009824 04045d10
0x0449f4b0:   00000001 00000310 002701dc 00270000
0x0449f4c0:   00000310 00000000 0023002b 04045d10
0x0449f4d0:   01cc7820 0000c257 00000000 00280798
0x0449f4e0:   0018002c 00000372 0449f58c 0000c257 

Instructions: (pc=0x6d0b68b0)
0x6d0b68a0:   05 00 20 00 00 50 c1 e2 05 8d 44 24 14 50 8b fa
0x6d0b68b0:   8b 16 57 c1 e1 05 51 56 ff 52 2c 85 c0 0f 8c 93 


Stack: [0x04450000,0x044a0000],  sp=0x0449f470,  free space=13d0449ef8ck
Native frames: (J=compiled Java code, j=interpreted, Vv=VM code, C=native code)
C  [awt.dll+0xb68b0]
C  [awt.dll+0x9c4dc]
C  [USER32.dll+0x186ef]
C  [USER32.dll+0x18876]
C  [USER32.dll+0x170f4]
C  [USER32.dll+0x1738f]
C  [ntdll.dll+0x4642e]
C  [USER32.dll+0x192a9]
C  [midas32.dll+0x235cd]
C  [midas32.dll+0x8ca4]
C  [midas32.dll+0x23525]

Java frames: (J=compiled Java code, j=interpreted, Vv=VM code)
j  sun.awt.windows.WToolkit.eventLoop()V+0
j  sun.awt.windows.WToolkit.run()V+77
j  java.lang.Thread.run()V+11
v  ~StubRoutines::call_stub

---------------  P R O C E S S  ---------------

Java Threads: ( => current thread )
  0x04a0e400 JavaThread "D3D Screen Updater" daemon [_thread_blocked, id=5224, stack(0x04950000,0x049a0000)]
  0x003da000 JavaThread "DestroyJavaVM" [_thread_blocked, id=3752, stack(0x007d0000,0x00820000)]
  0x01d82000 JavaThread "TimerQueue" daemon [_thread_blocked, id=1684, stack(0x04900000,0x04950000)]
  0x041cf000 JavaThread "AWT-EventQueue-0" [_thread_blocked, id=5944, stack(0x048b0000,0x04900000)]
  0x040bc000 JavaThread "AWT-Shutdown" [_thread_blocked, id=4672, stack(0x04860000,0x048b0000)]
=>0x04045c00 JavaThread "AWT-Windows" daemon [_thread_in_native, id=3836, stack(0x04450000,0x044a0000)]
  0x04041000 JavaThread "Java2D Disposer" daemon [_thread_in_native, id=1400, stack(0x043b0000,0x04400000)]
  0x01d28400 JavaThread "Low Memory Detector" daemon [_thread_blocked, id=4568, stack(0x03f80000,0x03fd0000)]
  0x01d1bc00 JavaThread "CompilerThread0" daemon [_thread_blocked, id=5124, stack(0x03f30000,0x03f80000)]
  0x01d1ac00 JavaThread "Attach Listener" daemon [_thread_blocked, id=4296, stack(0x03ee0000,0x03f30000)]
  0x01d17c00 JavaThread "Signal Dispatcher" daemon [_thread_blocked, id=5800, stack(0x03e90000,0x03ee0000)]
  0x01cd2c00 JavaThread "Finalizer" daemon [_thread_blocked, id=3868, stack(0x03e40000,0x03e90000)]
  0x01cd1800 JavaThread "Reference Handler" daemon [_thread_blocked, id=2808, stack(0x03df0000,0x03e40000)]

Other Threads:
  0x01cd0400 VMThread [stack: 0x03da0000,0x03df0000] [id=5292]
  0x01d4b000 WatcherThread [stack: 0x03fd0000,0x04020000] [id=4120]

VM state:not at safepoint (normal execution)

VM Mutex/Monitor currently owned by a thread: None

Heap
 def new generation   total 4928K, used 1818K [0x23dc0000, 0x24310000, 0x29310000)
  eden space 4416K,  39% used [0x23dc0000, 0x23f73e50, 0x24210000)
  from space 512K,  14% used [0x24290000, 0x242a2ad0, 0x24310000)
  to   space 512K,   0% used [0x24210000, 0x24210000, 0x24290000)
 tenured generation   total 10944K, used 2165K [0x29310000, 0x29dc0000, 0x33dc0000)
   the space 10944K,  19% used [0x29310000, 0x2952d6d0, 0x2952d800, 0x29dc0000)
 compacting perm gen  total 12288K, used 1405K [0x33dc0000, 0x349c0000, 0x37dc0000)
   the space 12288K,  11% used [0x33dc0000, 0x33f1f7a0, 0x33f1f800, 0x349c0000)
    ro space 10240K,  51% used [0x37dc0000, 0x382e7a70, 0x382e7c00, 0x387c0000)
    rw space 12288K,  54% used [0x387c0000, 0x38e54c78, 0x38e54e00, 0x393c0000)

Dynamic libraries:
0x00400000 - 0x00424000 	C:\Java\jre6\bin\javaw.exe
0x772e0000 - 0x7741c000 	C:\Windows\SYSTEM32\ntdll.dll
0x75d60000 - 0x75e34000 	C:\Windows\system32\kernel32.dll
0x756e0000 - 0x7572a000 	C:\Windows\system32\KERNELBASE.dll
0x60000000 - 0x6003c000 	C:\Program Files\BitDefender\BitDefender 2010\Active Virus Control\midas32-v2_56\midas32.dll
0x61000000 - 0x61025000 	C:\Program Files\BitDefender\BitDefender 2010\Active Virus Control\midas32-v2_56\plugin_base.m32
0x67000000 - 0x67043000 	C:\Program Files\BitDefender\BitDefender 2010\Active Virus Control\midas32-v2_56\plugin_nt.m32
0x64000000 - 0x64021000 	C:\Program Files\BitDefender\BitDefender 2010\Active Virus Control\midas32-v2_56\plugin_registry.m32
0x62000000 - 0x6202c000 	C:\Program Files\BitDefender\BitDefender 2010\Active Virus Control\midas32-v2_56\plugin_extra.m32
0x65000000 - 0x6501a000 	C:\Program Files\BitDefender\BitDefender 2010\Active Virus Control\midas32-v2_56\plugin_net.m32
0x63000000 - 0x6304b000 	C:\Program Files\BitDefender\BitDefender 2010\Active Virus Control\midas32-v2_56\plugin_fragments.m32
0x77080000 - 0x77120000 	C:\Windows\system32\ADVAPI32.dll
0x75fc0000 - 0x7606c000 	C:\Windows\system32\msvcrt.dll
0x77420000 - 0x77439000 	C:\Windows\SYSTEM32\sechost.dll
0x75ed0000 - 0x75f71000 	C:\Windows\system32\RPCRT4.dll
0x76f30000 - 0x76ff9000 	C:\Windows\system32\USER32.dll
0x757c0000 - 0x7580e000 	C:\Windows\system32\GDI32.dll
0x758b0000 - 0x758ba000 	C:\Windows\system32\LPK.dll
0x75810000 - 0x758ad000 	C:\Windows\system32\USP10.dll
0x75c40000 - 0x75c5f000 	C:\Windows\system32\IMM32.DLL
0x76070000 - 0x7613c000 	C:\Windows\system32\MSCTF.dll
0x7c340000 - 0x7c396000 	C:\Java\jre6\bin\msvcr71.dll
0x6d800000 - 0x6da96000 	C:\Java\jre6\bin\client\jvm.dll
0x72f10000 - 0x72f42000 	C:\Windows\system32\WINMM.dll
0x75360000 - 0x753ab000 	C:\Windows\system32\apphelp.dll
0x6d7b0000 - 0x6d7bc000 	C:\Java\jre6\bin\verify.dll
0x6d330000 - 0x6d34f000 	C:\Java\jre6\bin\java.dll
0x6d290000 - 0x6d298000 	C:\Java\jre6\bin\hpi.dll
0x77440000 - 0x77445000 	C:\Windows\system32\PSAPI.DLL
0x6d7f0000 - 0x6d7ff000 	C:\Java\jre6\bin\zip.dll
0x6d000000 - 0x6d14a000 	C:\Java\jre6\bin\awt.dll
0x70b10000 - 0x70b61000 	C:\Windows\system32\WINSPOOL.DRV
0x77180000 - 0x772dc000 	C:\Windows\system32\ole32.dll
0x742e0000 - 0x7447e000 	C:\Windows\WinSxS\x86_microsoft.windows.common-controls_6595b64144ccf1df_6.0.7600.16385_none_421189da2b7fabfc\COMCTL32.dll
0x77120000 - 0x77177000 	C:\Windows\system32\SHLWAPI.dll
0x73d20000 - 0x73d33000 	C:\Windows\system32\DWMAPI.DLL
0x74070000 - 0x740b0000 	C:\Windows\system32\uxtheme.dll
0x10000000 - 0x10217000 	C:\Windows\system32\QQPINYIN.IME
0x75f80000 - 0x75fb5000 	C:\Windows\system32\WS2_32.dll
0x75c00000 - 0x75c06000 	C:\Windows\system32\NSI.dll
0x73cb0000 - 0x73cbd000 	C:\Windows\system32\WTSAPI32.dll
0x762e0000 - 0x76f29000 	C:\Windows\system32\SHELL32.dll
0x75730000 - 0x757bf000 	C:\Windows\system32\OLEAUT32.dll
0x754b0000 - 0x755cc000 	C:\Windows\system32\CRYPT32.dll
0x754a0000 - 0x754ac000 	C:\Windows\system32\MSASN1.dll
0x74930000 - 0x74939000 	C:\Windows\system32\VERSION.dll
0x73d90000 - 0x73da1000 	C:\Windows\system32\NETAPI32.dll
0x73ce0000 - 0x73ce9000 	C:\Windows\system32\netutils.dll
0x752b0000 - 0x752c9000 	C:\Windows\system32\srvcli.dll
0x73cd0000 - 0x73cdf000 	C:\Windows\system32\wkscli.dll
0x75430000 - 0x7543b000 	C:\Windows\system32\profapi.dll
0x753b0000 - 0x753bc000 	C:\Windows\system32\CRYPTBASE.dll
0x6d230000 - 0x6d284000 	C:\Java\jre6\bin\fontmanager.dll
0x6bc20000 - 0x6bde3000 	C:\Windows\system32\d3d9.dll
0x721c0000 - 0x721c6000 	C:\Windows\system32\d3d8thk.dll
0x05000000 - 0x05757000 	C:\Windows\system32\nvd3dum.dll
0x73020000 - 0x73045000 	C:\Windows\system32\powrprof.dll
0x76140000 - 0x762dd000 	C:\Windows\system32\SETUPAPI.dll
0x755d0000 - 0x755f7000 	C:\Windows\system32\CFGMGR32.dll
0x75690000 - 0x756a2000 	C:\Windows\system32\DEVOBJ.dll
0x06f60000 - 0x0706a000 	C:\Windows\system32\nvapi.dll
0x756b0000 - 0x756dd000 	C:\Windows\system32\WINTRUST.dll
0x6d610000 - 0x6d623000 	C:\Java\jre6\bin\net.dll
0x74e80000 - 0x74ebc000 	C:\Windows\system32\mswsock.dll
0x74e70000 - 0x74e76000 	C:\Windows\System32\wship6.dll
0x6d630000 - 0x6d639000 	C:\Java\jre6\bin\nio.dll
0x6d1a0000 - 0x6d1c3000 	C:\Java\jre6\bin\dcpr.dll
0x75e40000 - 0x75ec3000 	C:\Windows\system32\CLBCatQ.DLL

VM Arguments:
java_command: com.jeantessier.dependencyfinder.gui.DependencyFinder
Launcher Type: SUN_STANDARD

Environment Variables:
PATH=C:\Windows\system32;C:\Windows;C:\Windows\System32\Wbem;C:\Windows\System32\WindowsPowerShell\v1.0\;C:\Program Files\Common Files\Thunder Network\KanKan\Codecs;C:\CTEX\UserData\miktex\bin;C:\CTEX\MiKTeX\miktex\bin;C:\CTEX\CTeX\ctex\bin;C:\CTEX\CTeX\cct\bin;C:\CTEX\CTeX\ty\bin;C:\CTEX\Ghostscript\gs8.70\bin;C:\CTEX\GSview\gsview;C:\CTEX\WinEdt;C:\ImageMagick;C:\Program Files\IDM Computer Solutions\UltraEdit\
USERNAME=hj
OS=Windows_NT
PROCESSOR_IDENTIFIER=x86 Family 6 Model 23 Stepping 10, GenuineIntel



---------------  S Y S T E M  ---------------

OS: Windows NT 6.1 Build 7600 

CPU:total 2 (2 cores per cpu, 1 threads per core) family 6 model 23 stepping 10, cmov, cx8, fxsr, mmx, sse, sse2, sse3, ssse3, sse4.1

Memory: 4k page, physical 2095608k(1105980k free), swap 4191216k(2443972k free)

vm_info: Java HotSpot(TM) Client VM (16.0-b12) for windows-x86 JRE (1.6.0_18-ea-b05), built on Nov 18 2009 01:12:18 by "java_re" with MS VC++ 7.1 (VS2003)

time: Wed Dec 02 16:21:41 2009
elapsed time: 3002 seconds

